15:32:34.613 [AWT-EventQueue-0         ] DEBUG Logger               - Configured Logger
15:32:34.642 [AWT-EventQueue-0         ] DEBUG GameApplication      - Logging settings
Title: LDS--FlyAway
Version: 挑战模式
Width: 800
Height: 800
Fullscreen: false
Intro: false
Profiling: false
Single step:false
App Mode: DEVELOPER
Menu Key: ESCAPE
Stage Style: DECORATED
Scene Factory: class com.almasb.fxgl.app.scene.SceneFactory

15:32:36.400 [JavaFX Application Thread] DEBUG FXGLApplication      - Initializing FXGL
15:32:36.412 [JavaFX Application Thread] INFO  Engine               - FXGL-17.2 (20.08.2022 16.50) on WINDOWS (J:20.0.1 FX:20-ea)
15:32:36.412 [JavaFX Application Thread] DEBUG Engine               - JRE Vendor Name: Oracle Corporation
15:32:36.412 [JavaFX Application Thread] DEBUG Engine               - Running on OS: Windows 11 version 10.0
15:32:36.412 [JavaFX Application Thread] DEBUG Engine               - Architecture: amd64
15:32:36.412 [JavaFX Application Thread] INFO  Engine               - Source code and latest versions at: https://github.com/AlmasB/FXGL
15:32:36.413 [JavaFX Application Thread] INFO  Engine               -       Ask questions and discuss at: https://github.com/AlmasB/FXGL/discussions
15:32:36.413 [JavaFX Application Thread] INFO  Engine               -              Join the FXGL chat at: https://gitter.im/AlmasB/FXGL
15:32:36.660 [JavaFX Application Thread] DEBUG PrimaryStageWindow   - Creating a JavaFX scene
15:32:36.761 [JavaFX Application Thread] DEBUG PrimaryStageWindow   - Target settings size: 800.0 x 800.0
15:32:36.762 [JavaFX Application Thread] DEBUG PrimaryStageWindow   - Scaled scene size:    800.0 x 800.0
15:32:36.762 [JavaFX Application Thread] DEBUG PrimaryStageWindow   - Scaled ratio: (1.0, 1.0)
15:32:36.764 [JavaFX Application Thread] DEBUG PrimaryStageWindow   - Set initial scene to FXGLStartupScene
15:32:36.775 [JavaFX Application Thread] DEBUG PrimaryStageWindow   - Opening main window
15:32:37.044 [JavaFX Application Thread] DEBUG PrimaryStageWindow   - Window border size: (14.66668701171875, 37.33331298828125)
15:32:37.044 [JavaFX Application Thread] DEBUG PrimaryStageWindow   - Scaled size: 800.0 x 800.0
15:32:37.045 [JavaFX Application Thread] DEBUG PrimaryStageWindow   - Scaled ratio: (1.0, 1.0)
15:32:37.045 [JavaFX Application Thread] DEBUG PrimaryStageWindow   - Scene size: 800.0 x 800.0
15:32:37.045 [JavaFX Application Thread] DEBUG PrimaryStageWindow   - Stage size: 814.6666870117188 x 837.3333129882812
15:32:37.056 [FXGL Background Thread 1 ] DEBUG Engine               - Initializing environment variables
15:32:37.115 [FXGL Background Thread 1 ] DEBUG FXGLAssetLoaderServi - User app class for loading assets: class com.lds7871.flyaway.A_Contorller.Main
15:32:37.116 [FXGL Background Thread 1 ] DEBUG GameApplicationServi - Applying CSS: fxgl_dark.css
15:32:37.116 [FXGL Background Thread 1 ] DEBUG FXGLAssetLoaderServi - Loading from file system: jar:file:/E:/SAVE/JFX/FlyAway/FlyAway.jar!/fxglassets/ui/css/fxgl_dark.css
15:32:37.157 [FXGL Background Thread 1 ] DEBUG GameApplicationServi - Initializing application scenes
15:32:37.270 [FXGL Background Thread 1 ] DEBUG GameWorld            - Game world initialized
15:32:37.347 [FXGL Background Thread 1 ] DEBUG PhysicsWorld         - Physics world initialized: appHeight=800, physics.ppm=50.0
15:32:37.347 [FXGL Background Thread 1 ] DEBUG PhysicsWorld         - Using strategy: BRUTE_FORCE
15:32:37.351 [FXGL Background Thread 1 ] DEBUG GameScene            - Game scene initialized: 800x800
15:32:37.368 [FXGL Background Thread 1 ] DEBUG FXGL.DefaultMenu     - createMenuBodyGameMenu()
15:32:37.383 [FXGL Background Thread 1 ] DEBUG FXGL.DefaultMenu     - createOptionsMenu()
15:32:37.399 [FXGL Background Thread 1 ] DEBUG FXGLAssetLoaderServi - Loading from file system: jar:file:/E:/SAVE/JFX/FlyAway/FlyAway.jar!/fxglassets/textures/particles/smoke.png
15:32:37.538 [FXGL Background Thread 1 ] DEBUG FXGLAssetLoaderServi - Loading from file system: jar:file:/E:/SAVE/JFX/FlyAway/FlyAway.jar!/fxglassets/textures/particles/trace_horizontal.png
15:32:37.565 [FXGL Background Thread 1 ] DEBUG GameApplicationServi - Application scenes initialized
15:32:37.581 [FXGL Background Thread 1 ] DEBUG SystemBundleService  - Loading FXGL system data
15:32:37.594 [FXGL Background Thread 1 ] DEBUG FileSystemAccess     - Reading from: E:\SAVE\JFX\FlyAway\system\fxgl.bundle
15:32:37.605 [FXGL Background Thread 1 ] DEBUG SystemBundleService  - Bundle FXGL: {}
15:32:37.606 [FXGL Background Thread 1 ] DEBUG UpdaterService       - Checking for updates
15:32:37.610 [FXGL Background Thread 4 ] DEBUG FXGLApplication      - Loading fonts
15:32:37.610 [FXGL Background Thread 4 ] DEBUG FXGLAssetLoaderServi - Loading from file system: jar:file:/E:/SAVE/JFX/FlyAway/FlyAway.jar!/fxglassets/ui/fonts/VarelaRound-Regular.ttf
15:32:37.610 [FXGL Background Thread 1 ] DEBUG FXGLApplication      - Loading default localization
15:32:37.612 [FXGL Background Thread 1 ] DEBUG FXGLAssetLoaderServi - Loading from file system: jar:file:/E:/SAVE/JFX/FlyAway/FlyAway.jar!/fxglassets/languages/english.lang
15:32:37.646 [FXGL Background Thread 1 ] INFO  FXGLApplication      - FXGL initialization took: 0.591 sec
15:32:37.648 [JavaFX Application Thread] DEBUG FXGLAssetLoaderServi - Loading from file system: jar:file:/E:/SAVE/JFX/FlyAway/FlyAway.jar!/fxglassets/textures/fxgl_icon.png
15:32:37.669 [JavaFX Application Thread] DEBUG FXGLAssetLoaderServi - Loading from file system: jar:file:/E:/SAVE/JFX/FlyAway/FlyAway.jar!/fxglassets/textures/fxgl_default_cursor.png
15:32:37.695 [JavaFX Application Thread] DEBUG Input                - Registered new binding: Screenshot - CTRL+8
15:32:37.696 [JavaFX Application Thread] DEBUG Input                - Registered new binding: System info dump - CTRL+9
15:32:37.697 [JavaFX Application Thread] DEBUG Input                - Registered new binding: Restart - CTRL+R
15:32:37.697 [FXGL Background Thread 4 ] DEBUG FXGLAssetLoaderServi - Loading from file system: jar:file:/E:/SAVE/JFX/FlyAway/FlyAway.jar!/fxglassets/ui/fonts/Abel-Regular.ttf
15:32:37.700 [JavaFX Application Thread] DEBUG Input                - Registered new binding: Toggle Debug Camera - CTRL+7
15:32:37.707 [JavaFX Application Thread] DEBUG LoopRunner           - Starting loop
15:32:37.707 [JavaFX Application Thread] DEBUG LoopRunner           - Initializing JavaFX AnimationTimerLoop
15:32:37.709 [JavaFX Application Thread] DEBUG GameApplicationServi - Starting new game
15:32:37.709 [FXGL Background Thread 4 ] DEBUG FXGLAssetLoaderServi - Loading from file system: jar:file:/E:/SAVE/JFX/FlyAway/FlyAway.jar!/fxglassets/ui/fonts/TerminalLandMono-Regular.otf
15:32:37.710 [JavaFX Application Thread] DEBUG Input                - Clearing active input actions
15:32:37.719 [FXGL Background Thread 4 ] DEBUG FXGLAssetLoaderServi - Loading from file system: jar:file:/E:/SAVE/JFX/FlyAway/FlyAway.jar!/fxglassets/ui/fonts/Courier-Prime.ttf
15:32:37.727 [JavaFX Application Thread] DEBUG GameApplicationServi - Removing overlay from FXGLStartupScene and adding to FXGLLoadingScene
15:32:37.728 [JavaFX Application Thread] DEBUG PrimaryStageWindow   - FXGLStartupScene -> FXGLLoadingScene
15:32:37.728 [JavaFX Application Thread] DEBUG GameApplicationServi - Clearing previous game
15:32:37.728 [JavaFX Application Thread] DEBUG GameScene            - Clearing game scene
15:32:37.728 [JavaFX Application Thread] DEBUG GameWorld            - Clearing game world
15:32:37.728 [JavaFX Application Thread] DEBUG PhysicsWorld         - Clearing physics world
15:32:37.732 [FXGL Background Thread 1 ] DEBUG FXGLApplication      - Initializing game
15:32:37.802 [JavaFX Application Thread] DEBUG FXGLApplication      - Registering font factories with UI factory
15:32:37.920 [FXGL Background Thread 2 ] WARN  UpdaterService       - Failed to find updates: java.net.UnknownHostException: raw.githubusercontent.com
15:32:38.007 [FXGL Background Thread 1 ] DEBUG Input                - Registered new binding: Move Up - W
15:32:38.007 [FXGL Background Thread 1 ] DEBUG Input                - Registered new binding: Move Down - S
15:32:38.007 [FXGL Background Thread 1 ] DEBUG Input                - Registered new binding: Move Left - A
15:32:38.007 [FXGL Background Thread 1 ] DEBUG Input                - Registered new binding: Move Right - D
15:32:38.007 [FXGL Background Thread 1 ] DEBUG Input                - Registered new binding: Shoot - J
15:32:38.007 [FXGL Background Thread 1 ] DEBUG Input                - Registered new binding: Remove All Enemies - L
15:32:38.007 [FXGL Background Thread 1 ] DEBUG Input                - Registered new binding: Double Firepower - K
15:32:38.010 [FXGL Background Thread 1 ] INFO  FXGLApplication      - Game initialization took: 0.279 sec
15:32:38.012 [JavaFX Application Thread] DEBUG Input                - Clearing active input actions
15:32:38.039 [JavaFX Application Thread] DEBUG GameApplicationServi - Removing overlay from FXGLLoadingScene and adding to GameScene
15:32:38.040 [JavaFX Application Thread] DEBUG PrimaryStageWindow   - FXGLLoadingScene -> GameScene
15:32:40.609 [FXGL Background Thread 3 ] DEBUG Engine               - Logging environment variables
15:32:40.610 [FXGL Background Thread 3 ] DEBUG Engine               - achievements: []
15:32:40.611 [FXGL Background Thread 3 ] DEBUG Engine               - actualHeight: 800.0
15:32:40.611 [FXGL Background Thread 3 ] DEBUG Engine               - actualHeightProperty: ReadOnlyDoubleProperty [value: 800.0]
15:32:40.611 [FXGL Background Thread 3 ] DEBUG Engine               - actualWidth: 800.0
15:32:40.612 [FXGL Background Thread 3 ] DEBUG Engine               - actualWidthProperty: ReadOnlyDoubleProperty [value: 800.0]
15:32:40.612 [FXGL Background Thread 3 ] DEBUG Engine               - appIcon: fxgl_icon.png
15:32:40.612 [FXGL Background Thread 3 ] DEBUG Engine               - applicationMode: DEVELOPER
15:32:40.612 [FXGL Background Thread 3 ] DEBUG Engine               - cSSList: [fxgl_dark.css]
15:32:40.613 [FXGL Background Thread 3 ] DEBUG Engine               - collisionDetectionStrategy: BRUTE_FORCE
15:32:40.613 [FXGL Background Thread 3 ] DEBUG Engine               - configClass: Optional.empty
15:32:40.613 [FXGL Background Thread 3 ] DEBUG Engine               - credits: []
15:32:40.614 [FXGL Background Thread 3 ] DEBUG Engine               - defaultCursor: CursorInfo(imageName=fxgl_default_cursor.png, hotspotX=7.0, hotspotY=6.0)
15:32:40.614 [FXGL Background Thread 3 ] DEBUG Engine               - devBBoxColorProperty: ObjectProperty [value: 0xff0000ff]
15:32:40.614 [FXGL Background Thread 3 ] DEBUG Engine               - devEnableDebugCameraProperty: BooleanProperty [value: false]
15:32:40.614 [FXGL Background Thread 3 ] DEBUG Engine               - devSensorColorProperty: ObjectProperty [value: 0xffff00ff]
15:32:40.614 [FXGL Background Thread 3 ] DEBUG Engine               - devShowBBoxProperty: BooleanProperty [value: false]
15:32:40.614 [FXGL Background Thread 3 ] DEBUG Engine               - devShowPositionProperty: BooleanProperty [value: false]
15:32:40.615 [FXGL Background Thread 3 ] DEBUG Engine               - enabledMenuItems: []
15:32:40.616 [FXGL Background Thread 3 ] DEBUG Engine               - engineServices: [class com.almasb.fxgl.app.services.FXGLAssetLoaderService, class com.almasb.fxgl.app.FXGLApplication$GameApplicationService, class com.almasb.fxgl.app.services.FXGLDialogService, class com.almasb.fxgl.app.services.IOTaskExecutorService, class com.almasb.fxgl.io.FileSystemService, class com.almasb.fxgl.localization.LocalizationService, class com.almasb.fxgl.app.services.SystemBundleService, class com.almasb.fxgl.profile.SaveLoadService, class com.almasb.fxgl.ui.FXGLUIFactoryServiceProvider, class com.almasb.fxgl.ui.FXGLDialogFactoryServiceProvider, class com.almasb.fxgl.audio.AudioPlayer, class com.almasb.fxgl.notification.impl.NotificationServiceProvider, class com.almasb.fxgl.achievement.AchievementService, class com.almasb.fxgl.cutscene.CutsceneService, class com.almasb.fxgl.minigames.MiniGameService, class com.almasb.fxgl.net.NetService, class com.almasb.fxgl.app.services.UpdaterService, class com.almasb.fxgl.dev.DevService]
15:32:40.616 [FXGL Background Thread 3 ] DEBUG Engine               - fontGame: Abel-Regular.ttf
15:32:40.616 [FXGL Background Thread 3 ] DEBUG Engine               - fontMono: TerminalLandMono-Regular.otf
15:32:40.616 [FXGL Background Thread 3 ] DEBUG Engine               - fontText: Courier-Prime.ttf
15:32:40.616 [FXGL Background Thread 3 ] DEBUG Engine               - fontUI: VarelaRound-Regular.ttf
15:32:40.616 [FXGL Background Thread 3 ] DEBUG Engine               - fullScreen: BooleanProperty [value: false]
15:32:40.616 [FXGL Background Thread 3 ] DEBUG Engine               - gameDifficulty: MEDIUM
15:32:40.616 [FXGL Background Thread 3 ] DEBUG Engine               - gameDifficultyProperty: ObjectProperty [value: MEDIUM]
15:32:40.616 [FXGL Background Thread 3 ] DEBUG Engine               - globalMusicVolume: 0.5
15:32:40.616 [FXGL Background Thread 3 ] DEBUG Engine               - globalMusicVolumeProperty: DoubleProperty [value: 0.5]
15:32:40.616 [FXGL Background Thread 3 ] DEBUG Engine               - globalSoundVolume: 0.5
15:32:40.616 [FXGL Background Thread 3 ] DEBUG Engine               - globalSoundVolumeProperty: DoubleProperty [value: 0.5]
15:32:40.616 [FXGL Background Thread 3 ] DEBUG Engine               - height: 800
15:32:40.616 [FXGL Background Thread 3 ] DEBUG Engine               - is3D: false
15:32:40.616 [FXGL Background Thread 3 ] DEBUG Engine               - isAndroid: false
15:32:40.616 [FXGL Background Thread 3 ] DEBUG Engine               - isBrowser: false
15:32:40.616 [FXGL Background Thread 3 ] DEBUG Engine               - isClickFeedbackEnabled: false
15:32:40.616 [FXGL Background Thread 3 ] DEBUG Engine               - isCloseConfirmation: false
15:32:40.616 [FXGL Background Thread 3 ] DEBUG Engine               - isDesktop: true
15:32:40.616 [FXGL Background Thread 3 ] DEBUG Engine               - isDeveloperMenuEnabled: false
15:32:40.616 [FXGL Background Thread 3 ] DEBUG Engine               - isEmbedded: false
15:32:40.617 [FXGL Background Thread 3 ] DEBUG Engine               - isEntityPreloadEnabled: true
15:32:40.617 [FXGL Background Thread 3 ] DEBUG Engine               - isExperimentalTiledLargeMap: false
15:32:40.617 [FXGL Background Thread 3 ] DEBUG Engine               - isFileSystemWriteAllowed: true
15:32:40.617 [FXGL Background Thread 3 ] DEBUG Engine               - isFullScreenAllowed: false
15:32:40.617 [FXGL Background Thread 3 ] DEBUG Engine               - isFullScreenFromStart: false
15:32:40.617 [FXGL Background Thread 3 ] DEBUG Engine               - isGameMenuEnabled: true
15:32:40.617 [FXGL Background Thread 3 ] DEBUG Engine               - isIOS: false
15:32:40.617 [FXGL Background Thread 3 ] DEBUG Engine               - isIntroEnabled: false
15:32:40.617 [FXGL Background Thread 3 ] DEBUG Engine               - isLinux: false
15:32:40.618 [FXGL Background Thread 3 ] DEBUG Engine               - isMac: false
15:32:40.618 [FXGL Background Thread 3 ] DEBUG Engine               - isMainMenuEnabled: false
15:32:40.618 [FXGL Background Thread 3 ] DEBUG Engine               - isManualResizeEnabled: false
15:32:40.618 [FXGL Background Thread 3 ] DEBUG Engine               - isMobile: false
15:32:40.618 [FXGL Background Thread 3 ] DEBUG Engine               - isNative: false
15:32:40.618 [FXGL Background Thread 3 ] DEBUG Engine               - isPauseMusicWhenMinimized: true
15:32:40.618 [FXGL Background Thread 3 ] DEBUG Engine               - isPreserveResizeRatio: false
15:32:40.619 [FXGL Background Thread 3 ] DEBUG Engine               - isProfilingEnabled: false
15:32:40.619 [FXGL Background Thread 3 ] DEBUG Engine               - isScaleAffectedOnResize: true
15:32:40.619 [FXGL Background Thread 3 ] DEBUG Engine               - isSingleStep: false
15:32:40.619 [FXGL Background Thread 3 ] DEBUG Engine               - isUserProfileEnabled: false
15:32:40.619 [FXGL Background Thread 3 ] DEBUG Engine               - isWindows: true
15:32:40.619 [FXGL Background Thread 3 ] DEBUG Engine               - language: ObjectProperty [value: ENGLISH]
15:32:40.619 [FXGL Background Thread 3 ] DEBUG Engine               - menuKey: ESCAPE
15:32:40.619 [FXGL Background Thread 3 ] DEBUG Engine               - mouseSensitivity: 0.2
15:32:40.619 [FXGL Background Thread 3 ] DEBUG Engine               - notificationViewClass: class com.almasb.fxgl.notification.view.XboxNotificationView
15:32:40.619 [FXGL Background Thread 3 ] DEBUG Engine               - pixelsPerMeter: 50.0
15:32:40.619 [FXGL Background Thread 3 ] DEBUG Engine               - platform: WINDOWS
15:32:40.619 [FXGL Background Thread 3 ] DEBUG Engine               - prefHeightProperty: ReadOnlyDoubleProperty [value: 800.0]
15:32:40.619 [FXGL Background Thread 3 ] DEBUG Engine               - prefWidthProperty: ReadOnlyDoubleProperty [value: 800.0]
15:32:40.619 [FXGL Background Thread 3 ] DEBUG Engine               - profileDir: profiles/
15:32:40.619 [FXGL Background Thread 3 ] DEBUG Engine               - profileName: StringProperty [value: DEFAULT]
15:32:40.619 [FXGL Background Thread 3 ] DEBUG Engine               - randomSeed: -1
15:32:40.619 [FXGL Background Thread 3 ] DEBUG Engine               - runtimeInfo: RuntimeInfo(platform=WINDOWS, version=17.2, build=20.08.2022 16.50)
15:32:40.620 [FXGL Background Thread 3 ] DEBUG Engine               - saveFileExt: sav
15:32:40.620 [FXGL Background Thread 3 ] DEBUG Engine               - scaledHeightProp$fxgl: DoubleProperty [bound, value: 800.0]
15:32:40.620 [FXGL Background Thread 3 ] DEBUG Engine               - scaledWidthProp$fxgl: DoubleProperty [bound, value: 800.0]
15:32:40.620 [FXGL Background Thread 3 ] DEBUG Engine               - sceneFactory: com.almasb.fxgl.app.scene.SceneFactory@5e1e0af2
15:32:40.620 [FXGL Background Thread 3 ] DEBUG Engine               - secondsIn24h: 60
15:32:40.620 [FXGL Background Thread 3 ] DEBUG Engine               - soundMenuBack: menu/back.wav
15:32:40.620 [FXGL Background Thread 3 ] DEBUG Engine               - soundMenuPress: menu/press.wav
15:32:40.620 [FXGL Background Thread 3 ] DEBUG Engine               - soundMenuSelect: menu/select.wav
15:32:40.620 [FXGL Background Thread 3 ] DEBUG Engine               - soundNotification: core/notification.wav
15:32:40.620 [FXGL Background Thread 3 ] DEBUG Engine               - stageStyle: DECORATED
15:32:40.620 [FXGL Background Thread 3 ] DEBUG Engine               - supportedLanguages: [ENGLISH, FRENCH, GERMAN, HUNGARIAN, RUSSIAN]
15:32:40.620 [FXGL Background Thread 3 ] DEBUG Engine               - ticksPerSecond: -1
15:32:40.620 [FXGL Background Thread 3 ] DEBUG Engine               - title: LDS--FlyAway
15:32:40.620 [FXGL Background Thread 3 ] DEBUG Engine               - urlGithub: https://github.com/AlmasB/FXGL
15:32:40.620 [FXGL Background Thread 3 ] DEBUG Engine               - urlLeaderboard: http://fxgl-top.herokuapp.com/
15:32:40.620 [FXGL Background Thread 3 ] DEBUG Engine               - urlPOM: https://raw.githubusercontent.com/AlmasB/FXGL/release/README.md
15:32:40.620 [FXGL Background Thread 3 ] DEBUG Engine               - userAppClass: class com.lds7871.flyaway.A_Contorller.Main
15:32:40.620 [FXGL Background Thread 3 ] DEBUG Engine               - version: 挑战模式
15:32:40.620 [FXGL Background Thread 3 ] DEBUG Engine               - versionCheckDays: 7
15:32:40.620 [FXGL Background Thread 3 ] DEBUG Engine               - width: 800
15:32:40.620 [FXGL Background Thread 3 ] DEBUG Engine               - Logging services
15:32:40.620 [FXGL Background Thread 3 ] DEBUG Engine               - class com.almasb.fxgl.app.services.FXGLAssetLoaderService
15:32:40.620 [FXGL Background Thread 3 ] DEBUG Engine               - class com.almasb.fxgl.app.FXGLApplication$GameApplicationService
15:32:40.620 [FXGL Background Thread 3 ] DEBUG Engine               - class com.almasb.fxgl.app.services.FXGLDialogService
15:32:40.620 [FXGL Background Thread 3 ] DEBUG Engine               - class com.almasb.fxgl.app.services.IOTaskExecutorService
15:32:40.620 [FXGL Background Thread 3 ] DEBUG Engine               - class com.almasb.fxgl.io.FileSystemService
15:32:40.620 [FXGL Background Thread 3 ] DEBUG Engine               - class com.almasb.fxgl.localization.LocalizationService
15:32:40.620 [FXGL Background Thread 3 ] DEBUG Engine               - class com.almasb.fxgl.app.services.SystemBundleService
15:32:40.620 [FXGL Background Thread 3 ] DEBUG Engine               - class com.almasb.fxgl.profile.SaveLoadService
15:32:40.620 [FXGL Background Thread 3 ] DEBUG Engine               - class com.almasb.fxgl.ui.FXGLUIFactoryServiceProvider
15:32:40.620 [FXGL Background Thread 3 ] DEBUG Engine               - class com.almasb.fxgl.ui.FXGLDialogFactoryServiceProvider
15:32:40.620 [FXGL Background Thread 3 ] DEBUG Engine               - class com.almasb.fxgl.audio.AudioPlayer
15:32:40.620 [FXGL Background Thread 3 ] DEBUG Engine               - class com.almasb.fxgl.notification.impl.NotificationServiceProvider
15:32:40.620 [FXGL Background Thread 3 ] DEBUG Engine               - class com.almasb.fxgl.achievement.AchievementService
15:32:40.620 [FXGL Background Thread 3 ] DEBUG Engine               - class com.almasb.fxgl.cutscene.CutsceneService
15:32:40.621 [FXGL Background Thread 3 ] DEBUG Engine               - class com.almasb.fxgl.minigames.MiniGameService
15:32:40.621 [FXGL Background Thread 3 ] DEBUG Engine               - class com.almasb.fxgl.net.NetService
15:32:40.621 [FXGL Background Thread 3 ] DEBUG Engine               - class com.almasb.fxgl.app.services.UpdaterService
15:32:40.621 [FXGL Background Thread 3 ] DEBUG Engine               - class com.almasb.fxgl.dev.DevService
15:32:53.480 [JavaFX Application Thread] DEBUG FXGLApplication      - Exiting FXGL
15:32:53.480 [JavaFX Application Thread] DEBUG LoopRunner           - Stopping loop
15:32:53.480 [JavaFX Application Thread] DEBUG SystemBundleService  - Saving FXGL system data
15:32:53.485 [JavaFX Application Thread] DEBUG FileSystemAccess     - Writing to: E:\SAVE\JFX\FlyAway\system\fxgl.bundle
15:32:53.487 [JavaFX Application Thread] DEBUG Async                - Shutting down background threads
15:32:53.487 [JavaFX Application Thread] DEBUG PrimaryStageWindow   - Closing main window
15:32:53.526 [JavaFX Application Thread] DEBUG Logger               - Closing Logger
